[06Jun2025 00:00:24.571] [Netty Epoll Server IO #2/WARN] [com.connectivity.Connectivity/]: Packet:ServerboundAcceptTeleportationPacket  id 0 larger than expected error detected, printing packet and buffer. Stacktrace gets logged after this
[06Jun2025 00:00:24.609] [Netty Epoll Server IO #2/WARN] [com.connectivity.Connectivity/]: Packet data:
{
  "f_133785_": 792
}
[06Jun2025 00:00:24.610] [Netty Epoll Server IO #2/WARN] [com.connectivity.Connectivity/]: Packet:PooledUnsafeDirectByteBuf  id 0 data of 47 extra bytes: 
[06Jun2025 00:00:24.610] [Netty Epoll Server IO #2/WARN] [com.connectivity.Connectivity/]: Packet data:
[
  "S>aGuW?-snf336WhWJZl"
]
[06Jun2025 00:00:50.409] [Netty Epoll Server IO #4/WARN] [com.connectivity.Connectivity/]: Packet:ServerboundAcceptTeleportationPacket  id 0 larger than expected error detected, printing packet and buffer. Stacktrace gets logged after this
[06Jun2025 00:00:50.409] [Netty Epoll Server IO #4/WARN] [com.connectivity.Connectivity/]: Packet data:
{
  "f_133785_": 119
}
[06Jun2025 00:00:50.410] [Netty Epoll Server IO #4/WARN] [com.connectivity.Connectivity/]: Packet:PooledUnsafeDirectByteBuf  id 0 data of 48 extra bytes: 
[06Jun2025 00:00:50.410] [Netty Epoll Server IO #4/WARN] [com.connectivity.Connectivity/]: Packet data:
[
  "/679O,gm33363?V8OS%"
]
